<?xml version="1.0" encoding="UTF-8"?>
<testsuite xmlns:xsi="http://www.w3.org/2001/XMLSchema-instance" xsi:noNamespaceSchemaLocation="https://maven.apache.org/surefire/maven-surefire-plugin/xsd/surefire-test-report-3.0.xsd" version="3.0" name="com.hotel.reservationSystem.services.ReservationServiceTest" time="4.738" tests="9" errors="0" skipped="0" failures="0">
  <properties>
[...]
</properties>
  <testcase name="testFindByBillNumber" classname="com.hotel.reservationSystem.services.ReservationServiceTest" time="0.069">
    <system-out><![CDATA[22:03:48.622 [main] INFO org.springframework.test.context.support.AnnotationConfigContextLoaderUtils -- Could not detect default configuration classes for test class [com.hotel.reservationSystem.services.ReservationServiceTest]: ReservationServiceTest does not declare any static, non-private, non-final, nested classes annotated with @Configuration.
22:03:48.695 [main] INFO org.springframework.boot.test.context.SpringBootTestContextBootstrapper -- Found @SpringBootConfiguration com.hotel.reservationSystem.HotelApplication for test class com.hotel.reservationSystem.services.ReservationServiceTest

  .   ____          _            __ _ _
 /\\ / ___'_ __ _ _(_)_ __  __ _ \ \ \ \
( ( )\___ | '_ | '_| | '_ \/ _` | \ \ \ \
 \\/  ___)| |_)| | | | | || (_| |  ) ) ) )
  '  |____| .__|_| |_|_| |_\__, | / / / /
 =========|_|==============|___/=/_/_/_/
 :: Spring Boot ::                (v3.1.5)

2024-01-07T22:03:48.941+01:00  INFO 62238 --- [           main] c.h.r.services.ReservationServiceTest    : Starting ReservationServiceTest using Java 20.0.1 with PID 62238 (started by rybina in /Users/rybina/CTU/hotelreservation)
2024-01-07T22:03:48.942+01:00  INFO 62238 --- [           main] c.h.r.services.ReservationServiceTest    : No active profile set, falling back to 1 default profile: "default"
2024-01-07T22:03:49.439+01:00  INFO 62238 --- [           main] .s.d.r.c.RepositoryConfigurationDelegate : Bootstrapping Spring Data JPA repositories in DEFAULT mode.
2024-01-07T22:03:49.490+01:00  INFO 62238 --- [           main] .s.d.r.c.RepositoryConfigurationDelegate : Finished Spring Data repository scanning in 45 ms. Found 8 JPA repository interfaces.
2024-01-07T22:03:49.813+01:00  INFO 62238 --- [           main] com.zaxxer.hikari.HikariDataSource       : HikariPool-1 - Starting...
2024-01-07T22:03:49.933+01:00  INFO 62238 --- [           main] com.zaxxer.hikari.pool.HikariPool        : HikariPool-1 - Added connection conn0: url=jdbc:h2:mem:test user=POSTGRES
2024-01-07T22:03:49.934+01:00  INFO 62238 --- [           main] com.zaxxer.hikari.HikariDataSource       : HikariPool-1 - Start completed.
2024-01-07T22:03:50.064+01:00  INFO 62238 --- [           main] o.hibernate.jpa.internal.util.LogHelper  : HHH000204: Processing PersistenceUnitInfo [name: default]
2024-01-07T22:03:50.106+01:00  INFO 62238 --- [           main] org.hibernate.Version                    : HHH000412: Hibernate ORM core version 6.2.13.Final
2024-01-07T22:03:50.108+01:00  INFO 62238 --- [           main] org.hibernate.cfg.Environment            : HHH000406: Using bytecode reflection optimizer
2024-01-07T22:03:50.272+01:00  INFO 62238 --- [           main] o.s.o.j.p.SpringPersistenceUnitInfo      : No LoadTimeWeaver setup: ignoring JPA class transformer
2024-01-07T22:03:50.302+01:00  WARN 62238 --- [           main] org.hibernate.dialect.Dialect            : HHH000511: The 2.1.0 version for [org.hibernate.dialect.PostgreSQLDialect] is no longer supported, hence certain features may not work properly. The minimum supported version is 10.0.0. Check the community dialects project for available legacy versions.
2024-01-07T22:03:50.306+01:00  WARN 62238 --- [           main] org.hibernate.orm.deprecation            : HHH90000025: PostgreSQLDialect does not need to be specified explicitly using 'hibernate.dialect' (remove the property setting and it will be selected by default)
2024-01-07T22:03:51.093+01:00  INFO 62238 --- [           main] o.h.e.t.j.p.i.JtaPlatformInitiator       : HHH000489: No JTA platform available (set 'hibernate.transaction.jta.platform' to enable JTA platform integration)
Hibernate: alter table if exists category_room drop constraint if exists FKdeu1njljw84dp9eb8ajhy6jg8
Hibernate: alter table if exists category_room drop constraint if exists FKjhudgdlshi2moeathkus1kwf9
Hibernate: alter table if exists payment drop constraint if exists FKrewpj5f9v9xehy4ga8g221nw1
Hibernate: alter table if exists reservation drop constraint if exists FKm25r28103jb9lske61acewdlf
Hibernate: alter table if exists room drop constraint if exists FKdosq3ww4h9m2osim6o0lugng8
Hibernate: alter table if exists room_cart drop constraint if exists FK1ajf2bnshilksqetdnmrcv9xl
Hibernate: alter table if exists room_cart drop constraint if exists FKafol943mjv46uhttsoleii7hs
Hibernate: alter table if exists room_item drop constraint if exists FKjmv7rvflibm5u9xp67q50l287
Hibernate: drop table if exists app_user cascade
Hibernate: drop table if exists category cascade
Hibernate: drop table if exists category_room cascade
Hibernate: drop table if exists hotel cascade
Hibernate: drop table if exists payment cascade
Hibernate: drop table if exists reservation cascade
Hibernate: drop table if exists room cascade
Hibernate: drop table if exists room_cart cascade
Hibernate: drop table if exists room_item cascade
Hibernate: create table app_user (id serial not null, email varchar(255), first_name varchar(255), last_name varchar(255), password varchar(255), phone varchar(255), role varchar(255) check (role in ('USER','ADMIN')), primary key (id))
Hibernate: create table category (id serial not null, name varchar(255), primary key (id))
Hibernate: create table category_room (category_id integer not null, room_id integer not null)
Hibernate: create table hotel (id serial not null, address varchar(255), name varchar(255), primary key (id))
Hibernate: create table payment (amount float(53), bill_number integer, date date, id serial not null, reservation_id integer unique, primary key (id))
Hibernate: create table reservation (created_at date, id serial not null, user_id integer, primary key (id))
Hibernate: create table room (hotel_id integer, id serial not null, price float(53), description varchar(255), name varchar(255), room_classification varchar(255) check (room_classification in ('LUX','DELUXE','STANDARD','ECONOMY')), room_type varchar(255) check (room_type in ('DOUBLE','FAMILY','SINGLE')), primary key (id))
Hibernate: create table room_cart (id serial not null, reservation_id integer, reserved_from date, reserved_to date, room_item_id integer, primary key (id))
Hibernate: create table room_item (id serial not null, room_id integer, room_number integer, primary key (id))
Hibernate: alter table if exists category_room add constraint FKdeu1njljw84dp9eb8ajhy6jg8 foreign key (category_id) references category
Hibernate: alter table if exists category_room add constraint FKjhudgdlshi2moeathkus1kwf9 foreign key (room_id) references room
Hibernate: alter table if exists payment add constraint FKrewpj5f9v9xehy4ga8g221nw1 foreign key (reservation_id) references reservation
Hibernate: alter table if exists reservation add constraint FKm25r28103jb9lske61acewdlf foreign key (user_id) references app_user
Hibernate: alter table if exists room add constraint FKdosq3ww4h9m2osim6o0lugng8 foreign key (hotel_id) references hotel
Hibernate: alter table if exists room_cart add constraint FK1ajf2bnshilksqetdnmrcv9xl foreign key (reservation_id) references reservation
Hibernate: alter table if exists room_cart add constraint FKafol943mjv46uhttsoleii7hs foreign key (room_item_id) references room_item
Hibernate: alter table if exists room_item add constraint FKjmv7rvflibm5u9xp67q50l287 foreign key (room_id) references room
2024-01-07T22:03:51.128+01:00  INFO 62238 --- [           main] j.LocalContainerEntityManagerFactoryBean : Initialized JPA EntityManagerFactory for persistence unit 'default'
2024-01-07T22:03:51.368+01:00  INFO 62238 --- [           main] o.s.d.j.r.query.QueryEnhancerFactory     : Hibernate is in classpath; If applicable, HQL parser will be used.
2024-01-07T22:03:51.787+01:00  WARN 62238 --- [           main] JpaBaseConfiguration$JpaWebConfiguration : spring.jpa.open-in-view is enabled by default. Therefore, database queries may be performed during view rendering. Explicitly configure spring.jpa.open-in-view to disable this warning
2024-01-07T22:03:51.924+01:00  INFO 62238 --- [           main] o.s.s.web.DefaultSecurityFilterChain     : Will secure any request with [org.springframework.security.web.session.DisableEncodeUrlFilter@5d8de155, org.springframework.security.web.context.request.async.WebAsyncManagerIntegrationFilter@1d0590bc, org.springframework.security.web.context.SecurityContextHolderFilter@297da2c3, org.springframework.security.web.header.HeaderWriterFilter@6ea4b4b2, org.springframework.security.web.csrf.CsrfFilter@58b03882, org.springframework.security.web.authentication.logout.LogoutFilter@4ff3ca23, org.springframework.security.web.authentication.UsernamePasswordAuthenticationFilter@2e29a7d, org.springframework.security.web.authentication.www.BasicAuthenticationFilter@3b5f72fa, org.springframework.security.web.savedrequest.RequestCacheAwareFilter@2b9bacb8, org.springframework.security.web.servletapi.SecurityContextHolderAwareRequestFilter@2850fe85, org.springframework.security.web.authentication.AnonymousAuthenticationFilter@6d4dac56, org.springframework.security.web.access.ExceptionTranslationFilter@3c5797c6, org.springframework.security.web.access.intercept.FilterSecurityInterceptor@27115d45]
2024-01-07T22:03:52.275+01:00  INFO 62238 --- [           main] c.h.r.services.ReservationServiceTest    : Started ReservationServiceTest in 3.491 seconds (process running for 4.219)
]]></system-out>
  </testcase>
  <testcase name="testFindAll" classname="com.hotel.reservationSystem.services.ReservationServiceTest" time="0.006"/>
  <testcase name="testFind" classname="com.hotel.reservationSystem.services.ReservationServiceTest" time="0.005"/>
  <testcase name="testSave" classname="com.hotel.reservationSystem.services.ReservationServiceTest" time="0.006"/>
  <testcase name="findReservationsByUserNameTest" classname="com.hotel.reservationSystem.services.ReservationServiceTest" time="0.189">
    <system-out><![CDATA[Hibernate: insert into category (name) values (?)
Hibernate: insert into category (name) values (?)
Hibernate: insert into room (description,hotel_id,name,price,room_classification,room_type) values (?,?,?,?,?,?)
Hibernate: insert into room (description,hotel_id,name,price,room_classification,room_type) values (?,?,?,?,?,?)
Hibernate: insert into room (description,hotel_id,name,price,room_classification,room_type) values (?,?,?,?,?,?)
Hibernate: insert into room_item (room_id,room_number) values (?,?)
Hibernate: insert into room_cart (reservation_id,reserved_from,reserved_to,room_item_id) values (?,?,?,?)
Hibernate: insert into app_user (email,first_name,last_name,password,phone,role) values (?,?,?,?,?,?)
Hibernate: insert into reservation (created_at,user_id) values (?,?)
Hibernate: select r1_0.id,r1_0.created_at,r1_0.user_id from reservation r1_0 join app_user u1_0 on u1_0.id=r1_0.user_id where u1_0.first_name=? and u1_0.last_name=?
]]></system-out>
  </testcase>
  <testcase name="testFindByReservation" classname="com.hotel.reservationSystem.services.ReservationServiceTest" time="0.004"/>
  <testcase name="testDelete" classname="com.hotel.reservationSystem.services.ReservationServiceTest" time="0.005"/>
  <testcase name="findReservationsByRoomNumberTest" classname="com.hotel.reservationSystem.services.ReservationServiceTest" time="0.045">
    <system-out><![CDATA[Hibernate: insert into category (name) values (?)
Hibernate: insert into category (name) values (?)
Hibernate: insert into room (description,hotel_id,name,price,room_classification,room_type) values (?,?,?,?,?,?)
Hibernate: insert into room (description,hotel_id,name,price,room_classification,room_type) values (?,?,?,?,?,?)
Hibernate: insert into room (description,hotel_id,name,price,room_classification,room_type) values (?,?,?,?,?,?)
Hibernate: insert into room_item (room_id,room_number) values (?,?)
Hibernate: insert into room_cart (reservation_id,reserved_from,reserved_to,room_item_id) values (?,?,?,?)
Hibernate: insert into app_user (email,first_name,last_name,password,phone,role) values (?,?,?,?,?,?)
Hibernate: insert into reservation (created_at,user_id) values (?,?)
Hibernate: update room_cart set reservation_id=?,reserved_from=?,reserved_to=?,room_item_id=? where id=?
Hibernate: insert into category_room (room_id,category_id) values (?,?)
Hibernate: insert into category_room (room_id,category_id) values (?,?)
Hibernate: insert into category_room (room_id,category_id) values (?,?)
Hibernate: insert into category_room (room_id,category_id) values (?,?)
Hibernate: select distinct r1_0.id,r1_0.created_at,r1_0.user_id from reservation r1_0 join room_cart r2_0 on r1_0.id=r2_0.reservation_id join room_item r3_0 on r3_0.id=r2_0.room_item_id where r3_0.room_number=?
]]></system-out>
  </testcase>
  <testcase name="findReservationByDateAndRoomNumberTest" classname="com.hotel.reservationSystem.services.ReservationServiceTest" time="0.018">
    <system-out><![CDATA[Hibernate: insert into category (name) values (?)
Hibernate: insert into category (name) values (?)
Hibernate: insert into room (description,hotel_id,name,price,room_classification,room_type) values (?,?,?,?,?,?)
Hibernate: insert into room (description,hotel_id,name,price,room_classification,room_type) values (?,?,?,?,?,?)
Hibernate: insert into room (description,hotel_id,name,price,room_classification,room_type) values (?,?,?,?,?,?)
Hibernate: insert into room_item (room_id,room_number) values (?,?)
Hibernate: insert into room_cart (reservation_id,reserved_from,reserved_to,room_item_id) values (?,?,?,?)
Hibernate: insert into app_user (email,first_name,last_name,password,phone,role) values (?,?,?,?,?,?)
Hibernate: insert into reservation (created_at,user_id) values (?,?)
Hibernate: update room_cart set reservation_id=?,reserved_from=?,reserved_to=?,room_item_id=? where id=?
Hibernate: insert into category_room (room_id,category_id) values (?,?)
Hibernate: insert into category_room (room_id,category_id) values (?,?)
Hibernate: insert into category_room (room_id,category_id) values (?,?)
Hibernate: insert into category_room (room_id,category_id) values (?,?)
Hibernate: select distinct r1_0.id,r1_0.created_at,r1_0.user_id from reservation r1_0 join room_cart r2_0 on r1_0.id=r2_0.reservation_id join room_item r3_0 on r3_0.id=r2_0.room_item_id where r2_0.reserved_to<=? and r2_0.reserved_from>=? and r3_0.room_number=?
]]></system-out>
  </testcase>
</testsuite>