<?xml version="1.0" encoding="UTF-8"?>
<testsuite xmlns:xsi="http://www.w3.org/2001/XMLSchema-instance" xsi:noNamespaceSchemaLocation="https://maven.apache.org/surefire/maven-surefire-plugin/xsd/surefire-test-report-3.0.xsd" version="3.0" name="com.hotel.reservationSystem.services.CategoryServiceTest" time="11.312" tests="4" errors="0" skipped="0" failures="0">
  <properties>
[...]
</properties>
  <testcase name="deleteRoomFromCategoryDeletesRoomFromTargetCategory" classname="com.hotel.reservationSystem.services.CategoryServiceTest" time="0.504">
    <system-out><![CDATA[22:24:52.152 [main] INFO org.springframework.test.context.support.AnnotationConfigContextLoaderUtils -- Could not detect default configuration classes for test class [com.hotel.reservationSystem.services.CategoryServiceTest]: CategoryServiceTest does not declare any static, non-private, non-final, nested classes annotated with @Configuration.
22:24:52.376 [main] INFO org.springframework.boot.test.context.SpringBootTestContextBootstrapper -- Found @SpringBootConfiguration com.hotel.reservationSystem.HotelApplication for test class com.hotel.reservationSystem.services.CategoryServiceTest

  .   ____          _            __ _ _
 /\\ / ___'_ __ _ _(_)_ __  __ _ \ \ \ \
( ( )\___ | '_ | '_| | '_ \/ _` | \ \ \ \
 \\/  ___)| |_)| | | | | || (_| |  ) ) ) )
  '  |____| .__|_| |_|_| |_\__, | / / / /
 =========|_|==============|___/=/_/_/_/
 :: Spring Boot ::                (v3.1.5)

2024-01-07T22:24:53.226+01:00  INFO 8740 --- [           main] c.h.r.services.CategoryServiceTest       : Starting CategoryServiceTest using Java 21 with PID 8740 (started by ASUS in C:\Users\ASUS\Desktop\SEMESTR3\EAR\hotelreservation)
2024-01-07T22:24:53.229+01:00  INFO 8740 --- [           main] c.h.r.services.CategoryServiceTest       : No active profile set, falling back to 1 default profile: "default"
2024-01-07T22:24:54.519+01:00  INFO 8740 --- [           main] .s.d.r.c.RepositoryConfigurationDelegate : Bootstrapping Spring Data JPA repositories in DEFAULT mode.
2024-01-07T22:24:54.689+01:00  INFO 8740 --- [           main] .s.d.r.c.RepositoryConfigurationDelegate : Finished Spring Data repository scanning in 141 ms. Found 8 JPA repository interfaces.
2024-01-07T22:24:55.816+01:00  INFO 8740 --- [           main] com.zaxxer.hikari.HikariDataSource       : HikariPool-1 - Starting...
2024-01-07T22:24:56.195+01:00  INFO 8740 --- [           main] com.zaxxer.hikari.pool.HikariPool        : HikariPool-1 - Added connection conn0: url=jdbc:h2:mem:test user=POSTGRES
2024-01-07T22:24:56.199+01:00  INFO 8740 --- [           main] com.zaxxer.hikari.HikariDataSource       : HikariPool-1 - Start completed.
2024-01-07T22:24:56.627+01:00  INFO 8740 --- [           main] o.hibernate.jpa.internal.util.LogHelper  : HHH000204: Processing PersistenceUnitInfo [name: default]
2024-01-07T22:24:56.917+01:00  INFO 8740 --- [           main] org.hibernate.Version                    : HHH000412: Hibernate ORM core version 6.2.13.Final
2024-01-07T22:24:56.927+01:00  INFO 8740 --- [           main] org.hibernate.cfg.Environment            : HHH000406: Using bytecode reflection optimizer
2024-01-07T22:24:57.196+01:00  INFO 8740 --- [           main] o.s.o.j.p.SpringPersistenceUnitInfo      : No LoadTimeWeaver setup: ignoring JPA class transformer
2024-01-07T22:24:57.271+01:00  WARN 8740 --- [           main] org.hibernate.dialect.Dialect            : HHH000511: The 2.1.0 version for [org.hibernate.dialect.PostgreSQLDialect] is no longer supported, hence certain features may not work properly. The minimum supported version is 10.0.0. Check the community dialects project for available legacy versions.
2024-01-07T22:24:57.278+01:00  WARN 8740 --- [           main] org.hibernate.orm.deprecation            : HHH90000025: PostgreSQLDialect does not need to be specified explicitly using 'hibernate.dialect' (remove the property setting and it will be selected by default)
2024-01-07T22:24:58.773+01:00  INFO 8740 --- [           main] o.h.e.t.j.p.i.JtaPlatformInitiator       : HHH000489: No JTA platform available (set 'hibernate.transaction.jta.platform' to enable JTA platform integration)
Hibernate: alter table if exists category_room drop constraint if exists FKdeu1njljw84dp9eb8ajhy6jg8
Hibernate: alter table if exists category_room drop constraint if exists FKjhudgdlshi2moeathkus1kwf9
Hibernate: alter table if exists payment drop constraint if exists FKrewpj5f9v9xehy4ga8g221nw1
Hibernate: alter table if exists reservation drop constraint if exists FKm25r28103jb9lske61acewdlf
Hibernate: alter table if exists room drop constraint if exists FKdosq3ww4h9m2osim6o0lugng8
Hibernate: alter table if exists room_cart drop constraint if exists FK1ajf2bnshilksqetdnmrcv9xl
Hibernate: alter table if exists room_cart drop constraint if exists FKafol943mjv46uhttsoleii7hs
Hibernate: alter table if exists room_item drop constraint if exists FKjmv7rvflibm5u9xp67q50l287
Hibernate: drop table if exists app_user cascade
Hibernate: drop table if exists category cascade
Hibernate: drop table if exists category_room cascade
Hibernate: drop table if exists hotel cascade
Hibernate: drop table if exists payment cascade
Hibernate: drop table if exists reservation cascade
Hibernate: drop table if exists room cascade
Hibernate: drop table if exists room_cart cascade
Hibernate: drop table if exists room_item cascade
Hibernate: create table app_user (id serial not null, email varchar(255), first_name varchar(255), last_name varchar(255), password varchar(255), phone varchar(255), role varchar(255) check (role in ('USER','ADMIN')), primary key (id))
Hibernate: create table category (id serial not null, name varchar(255), primary key (id))
Hibernate: create table category_room (category_id integer not null, room_id integer not null)
Hibernate: create table hotel (id serial not null, address varchar(255), name varchar(255), primary key (id))
Hibernate: create table payment (amount float(53), bill_number integer, date date, id serial not null, reservation_id integer unique, primary key (id))
Hibernate: create table reservation (created_at date, id serial not null, user_id integer, primary key (id))
Hibernate: create table room (hotel_id integer, id serial not null, price float(53), description varchar(255), name varchar(255), room_classification varchar(255) check (room_classification in ('LUX','DELUXE','STANDARD','ECONOMY')), room_type varchar(255) check (room_type in ('DOUBLE','FAMILY','SINGLE')), primary key (id))
Hibernate: create table room_cart (id serial not null, reservation_id integer, reserved_from date, reserved_to date, room_item_id integer, primary key (id))
Hibernate: create table room_item (id serial not null, room_id integer, room_number integer, primary key (id))
Hibernate: alter table if exists category_room add constraint FKdeu1njljw84dp9eb8ajhy6jg8 foreign key (category_id) references category
Hibernate: alter table if exists category_room add constraint FKjhudgdlshi2moeathkus1kwf9 foreign key (room_id) references room
Hibernate: alter table if exists payment add constraint FKrewpj5f9v9xehy4ga8g221nw1 foreign key (reservation_id) references reservation
Hibernate: alter table if exists reservation add constraint FKm25r28103jb9lske61acewdlf foreign key (user_id) references app_user
Hibernate: alter table if exists room add constraint FKdosq3ww4h9m2osim6o0lugng8 foreign key (hotel_id) references hotel
Hibernate: alter table if exists room_cart add constraint FK1ajf2bnshilksqetdnmrcv9xl foreign key (reservation_id) references reservation
Hibernate: alter table if exists room_cart add constraint FKafol943mjv46uhttsoleii7hs foreign key (room_item_id) references room_item
Hibernate: alter table if exists room_item add constraint FKjmv7rvflibm5u9xp67q50l287 foreign key (room_id) references room
2024-01-07T22:24:58.859+01:00  INFO 8740 --- [           main] j.LocalContainerEntityManagerFactoryBean : Initialized JPA EntityManagerFactory for persistence unit 'default'
2024-01-07T22:24:59.432+01:00  INFO 8740 --- [           main] o.s.d.j.r.query.QueryEnhancerFactory     : Hibernate is in classpath; If applicable, HQL parser will be used.
2024-01-07T22:25:00.785+01:00  WARN 8740 --- [           main] JpaBaseConfiguration$JpaWebConfiguration : spring.jpa.open-in-view is enabled by default. Therefore, database queries may be performed during view rendering. Explicitly configure spring.jpa.open-in-view to disable this warning
2024-01-07T22:25:01.426+01:00  INFO 8740 --- [           main] o.s.s.web.DefaultSecurityFilterChain     : Will secure any request with [org.springframework.security.web.session.DisableEncodeUrlFilter@60035f1e, org.springframework.security.web.context.request.async.WebAsyncManagerIntegrationFilter@5827908c, org.springframework.security.web.context.SecurityContextHolderFilter@33212ae6, org.springframework.security.web.header.HeaderWriterFilter@2f81d7f, org.springframework.security.web.csrf.CsrfFilter@7528ece2, org.springframework.security.web.authentication.logout.LogoutFilter@55882ff2, org.springframework.security.web.authentication.UsernamePasswordAuthenticationFilter@11736ebc, org.springframework.security.web.authentication.www.BasicAuthenticationFilter@797a5b31, org.springframework.security.web.savedrequest.RequestCacheAwareFilter@20616795, org.springframework.security.web.servletapi.SecurityContextHolderAwareRequestFilter@1b61c1, org.springframework.security.web.authentication.AnonymousAuthenticationFilter@732ffb6a, org.springframework.security.web.access.ExceptionTranslationFilter@1dc9aba0, org.springframework.security.web.access.intercept.FilterSecurityInterceptor@9c88323]
2024-01-07T22:25:02.418+01:00  INFO 8740 --- [           main] c.h.r.services.CategoryServiceTest       : Started CategoryServiceTest in 9.754 seconds (process running for 14.455)
Hibernate: select r1_0.id,r1_0.description,h1_0.id,h1_0.address,h1_0.name,r1_0.name,r1_0.price,r1_0.room_classification,r1_0.room_type from room r1_0 left join hotel h1_0 on h1_0.id=r1_0.hotel_id where r1_0.id=?
Hibernate: insert into room (description,hotel_id,name,price,room_classification,room_type) values (?,?,?,?,?,?)
Hibernate: select c1_0.id,c1_0.name,r1_0.category_id,r1_1.id,r1_1.description,h1_0.id,h1_0.address,h1_0.name,r1_1.name,r1_1.price,r1_1.room_classification,r1_1.room_type from category c1_0 left join (category_room r1_0 join room r1_1 on r1_1.id=r1_0.room_id) on c1_0.id=r1_0.category_id left join hotel h1_0 on h1_0.id=r1_1.hotel_id where c1_0.id=?
Hibernate: insert into category (name) values (?)
]]></system-out>
  </testcase>
  <testcase name="addRoomToCategoryAddsCategoryToTargetRoom" classname="com.hotel.reservationSystem.services.CategoryServiceTest" time="0.016">
    <system-out><![CDATA[Hibernate: select r1_0.id,r1_0.description,h1_0.id,h1_0.address,h1_0.name,r1_0.name,r1_0.price,r1_0.room_classification,r1_0.room_type from room r1_0 left join hotel h1_0 on h1_0.id=r1_0.hotel_id where r1_0.id=?
Hibernate: insert into room (description,hotel_id,name,price,room_classification,room_type) values (?,?,?,?,?,?)
Hibernate: select c1_0.id,c1_0.name,r1_0.category_id,r1_1.id,r1_1.description,h1_0.id,h1_0.address,h1_0.name,r1_1.name,r1_1.price,r1_1.room_classification,r1_1.room_type from category c1_0 left join (category_room r1_0 join room r1_1 on r1_1.id=r1_0.room_id) on c1_0.id=r1_0.category_id left join hotel h1_0 on h1_0.id=r1_1.hotel_id where c1_0.id=?
Hibernate: insert into category (name) values (?)
]]></system-out>
  </testcase>
  <testcase name="addRoomToCategoryAddsRoomToTargetCategory" classname="com.hotel.reservationSystem.services.CategoryServiceTest" time="0.019">
    <system-out><![CDATA[Hibernate: select r1_0.id,r1_0.description,h1_0.id,h1_0.address,h1_0.name,r1_0.name,r1_0.price,r1_0.room_classification,r1_0.room_type from room r1_0 left join hotel h1_0 on h1_0.id=r1_0.hotel_id where r1_0.id=?
Hibernate: insert into room (description,hotel_id,name,price,room_classification,room_type) values (?,?,?,?,?,?)
Hibernate: select c1_0.id,c1_0.name,r1_0.category_id,r1_1.id,r1_1.description,h1_0.id,h1_0.address,h1_0.name,r1_1.name,r1_1.price,r1_1.room_classification,r1_1.room_type from category c1_0 left join (category_room r1_0 join room r1_1 on r1_1.id=r1_0.room_id) on c1_0.id=r1_0.category_id left join hotel h1_0 on h1_0.id=r1_1.hotel_id where c1_0.id=?
Hibernate: insert into category (name) values (?)
]]></system-out>
  </testcase>
  <testcase name="deleteRoomFromCategoryDeletesCategoryFromTargetRoom" classname="com.hotel.reservationSystem.services.CategoryServiceTest" time="0.018">
    <system-out><![CDATA[Hibernate: select r1_0.id,r1_0.description,h1_0.id,h1_0.address,h1_0.name,r1_0.name,r1_0.price,r1_0.room_classification,r1_0.room_type from room r1_0 left join hotel h1_0 on h1_0.id=r1_0.hotel_id where r1_0.id=?
Hibernate: insert into room (description,hotel_id,name,price,room_classification,room_type) values (?,?,?,?,?,?)
Hibernate: select c1_0.id,c1_0.name,r1_0.category_id,r1_1.id,r1_1.description,h1_0.id,h1_0.address,h1_0.name,r1_1.name,r1_1.price,r1_1.room_classification,r1_1.room_type from category c1_0 left join (category_room r1_0 join room r1_1 on r1_1.id=r1_0.room_id) on c1_0.id=r1_0.category_id left join hotel h1_0 on h1_0.id=r1_1.hotel_id where c1_0.id=?
Hibernate: insert into category (name) values (?)
]]></system-out>
  </testcase>
</testsuite>